{
  message: 'Database connected 🔥',
  level: 'info',
  timestamp: '2023-06-04T08:31:29.697Z'
}
{
  message: 'University app listening on port 5000',
  level: 'info',
  timestamp: '2023-06-04T08:31:29.703Z'
}
{
  message: 'Database connected 🔥',
  level: 'info',
  timestamp: '2023-06-04T08:31:34.521Z'
}
{
  message: 'University app listening on port 5000',
  level: 'info',
  timestamp: '2023-06-04T08:31:34.528Z'
}
{
  message: 'Database connected 🔥',
  level: 'info',
  timestamp: '2023-06-04T08:34:24.859Z'
}
{
  message: 'University app listening on port 5000',
  level: 'info',
  timestamp: '2023-06-04T08:34:24.865Z'
}
{
  message: 'Database connected 🔥',
  level: 'info',
  timestamp: '2023-06-04T08:35:24.245Z'
}
{
  message: 'University app listening on port 5000',
  level: 'info',
  timestamp: '2023-06-04T08:35:24.251Z'
}
{
  message: 'Database connected 🔥',
  level: 'info',
  timestamp: '2023-06-04T08:37:14.688Z'
}
{
  message: 'University app listening on port 5000',
  level: 'info',
  timestamp: '2023-06-04T08:37:14.694Z'
}
{
  message: 'Database connected 🔥',
  level: 'info',
  timestamp: '2023-06-04T08:37:16.742Z'
}
{
  message: 'University app listening on port 5000',
  level: 'info',
  timestamp: '2023-06-04T08:37:16.749Z'
}
{
  message: 'Database connected 🔥',
  level: 'info',
  timestamp: '2023-06-04T08:38:14.733Z'
}
{
  message: 'University app listening on port 5000',
  level: 'info',
  timestamp: '2023-06-04T08:38:14.740Z'
}
{
  message: 'Database connected 🔥',
  level: 'info',
  timestamp: '2023-06-04T08:38:28.168Z'
}
{
  message: 'University app listening on port 5000',
  level: 'info',
  timestamp: '2023-06-04T08:38:28.176Z'
}
{
  message: 'Database connected 🔥',
  level: 'info',
  timestamp: '2023-06-04T08:40:41.656Z'
}
{
  message: 'University app listening on port 5000',
  level: 'info',
  timestamp: '2023-06-04T08:40:41.663Z'
}
{
  message: 'Database connected 🔥',
  level: 'info',
  timestamp: '2023-06-04T08:44:04.922Z'
}
{
  message: 'University app listening on port 5000',
  level: 'info',
  timestamp: '2023-06-04T08:44:04.929Z'
}
{
  message: 'Database connected 🔥',
  level: 'info',
  timestamp: '2023-06-04T08:44:57.415Z'
}
{
  message: 'University app listening on port 5000',
  level: 'info',
  timestamp: '2023-06-04T08:44:57.422Z'
}
{
  message: 'Database connected 🔥',
  level: 'info',
  timestamp: '2023-06-04T08:46:21.061Z'
}
{
  message: 'University app listening on port 5000',
  level: 'info',
  timestamp: '2023-06-04T08:46:21.067Z'
}
{
  message: 'Database connected 🔥',
  level: 'info',
  timestamp: '2023-06-04T08:47:29.314Z'
}
{
  message: 'University app listening on port 5000',
  level: 'info',
  timestamp: '2023-06-04T08:47:29.320Z'
}
{
  message: 'Database connected 🔥',
  level: 'info',
  timestamp: '2023-06-04T08:48:45.556Z'
}
{
  message: 'University app listening on port 5000',
  level: 'info',
  timestamp: '2023-06-04T08:48:45.563Z'
}
{
  message: 'Database connected 🔥',
  level: 'info',
  timestamp: '2023-06-04T08:49:33.032Z'
}
{
  message: 'University app listening on port 5000',
  level: 'info',
  timestamp: '2023-06-04T08:49:33.039Z'
}
{
  message: 'Database connected 🔥',
  level: 'info',
  timestamp: '2023-06-04T08:53:46.163Z'
}
{
  message: 'University app listening on port 5000',
  level: 'info',
  timestamp: '2023-06-04T08:53:46.169Z'
}
{
  message: 'Database connected 🔥',
  level: 'info',
  timestamp: '2023-06-04T08:54:01.826Z'
}
{
  message: 'University app listening on port 5000',
  level: 'info',
  timestamp: '2023-06-04T08:54:01.832Z'
}
{
  message: 'Database connected 🔥',
  level: 'info',
  timestamp: '2023-06-04T08:54:20.767Z'
}
{
  message: 'University app listening on port 5000',
  level: 'info',
  timestamp: '2023-06-04T08:54:20.774Z'
}
{
  message: 'Database connected 🔥',
  level: 'info',
  timestamp: '2023-06-04T08:57:59.413Z'
}
{
  message: 'University app listening on port 5000',
  level: 'info',
  timestamp: '2023-06-04T08:57:59.419Z'
}
{
  message: 'Database connected 🔥',
  level: 'info',
  timestamp: '2023-06-04T08:58:27.445Z'
}
{
  message: 'University app listening on port 5000',
  level: 'info',
  timestamp: '2023-06-04T08:58:27.451Z'
}
{
  message: 'Database connected 🔥',
  level: 'info',
  timestamp: '2023-06-04T08:59:09.615Z'
}
{
  message: 'University app listening on port 5000',
  level: 'info',
  timestamp: '2023-06-04T08:59:09.623Z'
}
