{
  message: 'Database connected 🔥',
  level: 'info',
  timestamp: '2023-06-05T14:43:59.669Z'
}
{
  message: 'University app listening on port 5000',
  level: 'info',
  timestamp: '2023-06-05T14:43:59.692Z'
}
{
  message: 'Database connected 🔥',
  level: 'info',
  timestamp: '2023-06-05T14:47:18.151Z'
}
{
  message: 'University app listening on port 5000',
  level: 'info',
  timestamp: '2023-06-05T14:47:18.170Z'
}
{
  message: 'Database connected 🔥',
  level: 'info',
  timestamp: '2023-06-05T14:50:39.618Z'
}
{
  message: 'University app listening on port 5000',
  level: 'info',
  timestamp: '2023-06-05T14:50:39.635Z'
}
{
  message: 'Database connected 🔥',
  level: 'info',
  timestamp: '2023-06-05T14:51:37.190Z'
}
{
  message: 'University app listening on port 5000',
  level: 'info',
  timestamp: '2023-06-05T14:51:37.206Z'
}
{
  message: 'Database connected 🔥',
  level: 'info',
  timestamp: '2023-06-05T14:54:45.908Z'
}
{
  message: 'University app listening on port 5000',
  level: 'info',
  timestamp: '2023-06-05T14:54:45.925Z'
}
{
  message: 'Database connected 🔥',
  level: 'info',
  timestamp: '2023-06-05T14:57:16.551Z'
}
{
  message: 'University app listening on port 5000',
  level: 'info',
  timestamp: '2023-06-05T14:57:16.566Z'
}
{
  message: 'Database connected 🔥',
  level: 'info',
  timestamp: '2023-06-05T14:57:45.205Z'
}
{
  message: 'University app listening on port 5000',
  level: 'info',
  timestamp: '2023-06-05T14:57:45.227Z'
}
