{
  message: 'Database connected 🔥',
  level: 'info',
  timestamp: '2023-06-06T15:42:27.427Z'
}
{
  message: 'University app listening on port 5000',
  level: 'info',
  timestamp: '2023-06-06T15:42:27.444Z'
}
{
  message: 'Database connected 🔥',
  level: 'info',
  timestamp: '2023-06-06T15:45:49.509Z'
}
{
  message: 'University app listening on port 5000',
  level: 'info',
  timestamp: '2023-06-06T15:45:49.526Z'
}
{
  message: 'Database connected 🔥',
  level: 'info',
  timestamp: '2023-06-06T15:49:19.196Z'
}
{
  message: 'University app listening on port 5000',
  level: 'info',
  timestamp: '2023-06-06T15:49:19.212Z'
}
{
  message: 'Database connected 🔥',
  level: 'info',
  timestamp: '2023-06-06T15:50:09.325Z'
}
{
  message: 'University app listening on port 5000',
  level: 'info',
  timestamp: '2023-06-06T15:50:09.341Z'
}
{
  message: 'Database connected 🔥',
  level: 'info',
  timestamp: '2023-06-06T15:51:45.572Z'
}
{
  message: 'University app listening on port 5000',
  level: 'info',
  timestamp: '2023-06-06T15:51:45.583Z'
}
{
  message: 'Database connected 🔥',
  level: 'info',
  timestamp: '2023-06-06T15:55:27.943Z'
}
{
  message: 'University app listening on port 5000',
  level: 'info',
  timestamp: '2023-06-06T15:55:27.959Z'
}
{
  message: 'Database connected 🔥',
  level: 'info',
  timestamp: '2023-06-06T15:58:00.461Z'
}
{
  message: 'University app listening on port 5000',
  level: 'info',
  timestamp: '2023-06-06T15:58:00.475Z'
}
{
  message: 'Database connected 🔥',
  level: 'info',
  timestamp: '2023-06-06T15:58:27.158Z'
}
{
  message: 'University app listening on port 5000',
  level: 'info',
  timestamp: '2023-06-06T15:58:27.173Z'
}
