{
  message: 'Database connected 🔥',
  level: 'info',
  timestamp: '2023-06-05T15:04:39.936Z'
}
{
  message: 'University app listening on port 5000',
  level: 'info',
  timestamp: '2023-06-05T15:04:39.954Z'
}
{
  message: 'Database connected 🔥',
  level: 'info',
  timestamp: '2023-06-05T15:08:04.644Z'
}
{
  message: 'University app listening on port 5000',
  level: 'info',
  timestamp: '2023-06-05T15:08:04.660Z'
}
{
  message: 'Database connected 🔥',
  level: 'info',
  timestamp: '2023-06-05T15:09:37.794Z'
}
{
  message: 'University app listening on port 5000',
  level: 'info',
  timestamp: '2023-06-05T15:09:37.807Z'
}
{
  message: 'Database connected 🔥',
  level: 'info',
  timestamp: '2023-06-05T15:16:40.779Z'
}
{
  message: 'University app listening on port 5000',
  level: 'info',
  timestamp: '2023-06-05T15:16:40.796Z'
}
{
  message: 'Database connected 🔥',
  level: 'info',
  timestamp: '2023-06-05T15:18:26.657Z'
}
{
  message: 'University app listening on port 5000',
  level: 'info',
  timestamp: '2023-06-05T15:18:26.674Z'
}
{
  message: 'Database connected 🔥',
  level: 'info',
  timestamp: '2023-06-05T15:19:11.427Z'
}
{
  message: 'University app listening on port 5000',
  level: 'info',
  timestamp: '2023-06-05T15:19:11.444Z'
}
{
  message: 'Database connected 🔥',
  level: 'info',
  timestamp: '2023-06-05T15:19:47.346Z'
}
{
  message: 'University app listening on port 5000',
  level: 'info',
  timestamp: '2023-06-05T15:19:47.363Z'
}
{
  message: 'Database connected 🔥',
  level: 'info',
  timestamp: '2023-06-05T15:20:56.129Z'
}
{
  message: 'University app listening on port 5000',
  level: 'info',
  timestamp: '2023-06-05T15:20:56.147Z'
}
{
  message: 'Database connected 🔥',
  level: 'info',
  timestamp: '2023-06-05T15:22:22.511Z'
}
{
  message: 'University app listening on port 5000',
  level: 'info',
  timestamp: '2023-06-05T15:22:22.527Z'
}
{
  message: 'Database connected 🔥',
  level: 'info',
  timestamp: '2023-06-05T15:22:41.507Z'
}
{
  message: 'University app listening on port 5000',
  level: 'info',
  timestamp: '2023-06-05T15:22:41.523Z'
}
{
  message: 'Database connected 🔥',
  level: 'info',
  timestamp: '2023-06-05T15:38:30.162Z'
}
{
  message: 'University app listening on port 5000',
  level: 'info',
  timestamp: '2023-06-05T15:38:30.190Z'
}
{
  message: 'Database connected 🔥',
  level: 'info',
  timestamp: '2023-06-05T15:41:33.039Z'
}
{
  message: 'University app listening on port 5000',
  level: 'info',
  timestamp: '2023-06-05T15:41:33.054Z'
}
{
  message: 'Database connected 🔥',
  level: 'info',
  timestamp: '2023-06-05T15:41:57.026Z'
}
{
  message: 'University app listening on port 5000',
  level: 'info',
  timestamp: '2023-06-05T15:41:57.047Z'
}
{
  message: 'Database connected 🔥',
  level: 'info',
  timestamp: '2023-06-05T15:42:23.387Z'
}
{
  message: 'University app listening on port 5000',
  level: 'info',
  timestamp: '2023-06-05T15:42:23.404Z'
}
{
  message: 'Database connected 🔥',
  level: 'info',
  timestamp: '2023-06-05T15:42:49.805Z'
}
{
  message: 'University app listening on port 5000',
  level: 'info',
  timestamp: '2023-06-05T15:42:49.823Z'
}
{
  message: 'Database connected 🔥',
  level: 'info',
  timestamp: '2023-06-05T15:43:52.424Z'
}
{
  message: 'University app listening on port 5000',
  level: 'info',
  timestamp: '2023-06-05T15:43:52.436Z'
}
{
  message: 'Database connected 🔥',
  level: 'info',
  timestamp: '2023-06-05T15:44:33.771Z'
}
{
  message: 'University app listening on port 5000',
  level: 'info',
  timestamp: '2023-06-05T15:44:33.788Z'
}
{
  message: 'Database connected 🔥',
  level: 'info',
  timestamp: '2023-06-05T15:44:56.166Z'
}
{
  message: 'University app listening on port 5000',
  level: 'info',
  timestamp: '2023-06-05T15:44:56.182Z'
}
{
  message: 'Database connected 🔥',
  level: 'info',
  timestamp: '2023-06-05T15:46:44.815Z'
}
{
  message: 'University app listening on port 5000',
  level: 'info',
  timestamp: '2023-06-05T15:46:44.831Z'
}
{
  message: 'Database connected 🔥',
  level: 'info',
  timestamp: '2023-06-05T15:48:30.926Z'
}
{
  message: 'University app listening on port 5000',
  level: 'info',
  timestamp: '2023-06-05T15:48:30.945Z'
}
{
  message: 'Database connected 🔥',
  level: 'info',
  timestamp: '2023-06-05T15:51:11.571Z'
}
{
  message: 'University app listening on port 5000',
  level: 'info',
  timestamp: '2023-06-05T15:51:11.589Z'
}
{
  message: 'Database connected 🔥',
  level: 'info',
  timestamp: '2023-06-05T15:54:02.078Z'
}
{
  message: 'University app listening on port 5000',
  level: 'info',
  timestamp: '2023-06-05T15:54:02.094Z'
}
{
  message: 'Database connected 🔥',
  level: 'info',
  timestamp: '2023-06-05T15:54:18.501Z'
}
{
  message: 'University app listening on port 5000',
  level: 'info',
  timestamp: '2023-06-05T15:54:18.520Z'
}
{
  message: 'Database connected 🔥',
  level: 'info',
  timestamp: '2023-06-05T15:55:08.712Z'
}
{
  message: 'University app listening on port 5000',
  level: 'info',
  timestamp: '2023-06-05T15:55:08.731Z'
}
{
  message: 'Database connected 🔥',
  level: 'info',
  timestamp: '2023-06-05T15:56:36.200Z'
}
{
  message: 'University app listening on port 5000',
  level: 'info',
  timestamp: '2023-06-05T15:56:36.216Z'
}
{
  message: 'Database connected 🔥',
  level: 'info',
  timestamp: '2023-06-05T15:58:46.319Z'
}
{
  message: 'University app listening on port 5000',
  level: 'info',
  timestamp: '2023-06-05T15:58:46.335Z'
}
