{
  message: 'Database connected 🔥',
  level: 'info',
  timestamp: '2023-06-04T15:10:54.097Z'
}
{
  message: 'University app listening on port 5000',
  level: 'info',
  timestamp: '2023-06-04T15:10:54.114Z'
}
{
  message: 'Database connected 🔥',
  level: 'info',
  timestamp: '2023-06-04T15:15:26.277Z'
}
{
  message: 'University app listening on port 5000',
  level: 'info',
  timestamp: '2023-06-04T15:15:26.294Z'
}
{
  message: 'Database connected 🔥',
  level: 'info',
  timestamp: '2023-06-04T15:17:13.178Z'
}
{
  message: 'University app listening on port 5000',
  level: 'info',
  timestamp: '2023-06-04T15:17:13.191Z'
}
{
  message: 'Database connected 🔥',
  level: 'info',
  timestamp: '2023-06-04T15:19:04.367Z'
}
{
  message: 'University app listening on port 5000',
  level: 'info',
  timestamp: '2023-06-04T15:19:04.379Z'
}
{
  message: 'Database connected 🔥',
  level: 'info',
  timestamp: '2023-06-04T15:19:26.788Z'
}
{
  message: 'University app listening on port 5000',
  level: 'info',
  timestamp: '2023-06-04T15:19:26.803Z'
}
{
  message: 'Database connected 🔥',
  level: 'info',
  timestamp: '2023-06-04T15:19:57.251Z'
}
{
  message: 'University app listening on port 5000',
  level: 'info',
  timestamp: '2023-06-04T15:19:57.268Z'
}
{
  message: 'Database connected 🔥',
  level: 'info',
  timestamp: '2023-06-04T15:23:26.358Z'
}
{
  message: 'University app listening on port 5000',
  level: 'info',
  timestamp: '2023-06-04T15:23:26.375Z'
}
{
  message: 'Database connected 🔥',
  level: 'info',
  timestamp: '2023-06-04T15:25:25.938Z'
}
{
  message: 'University app listening on port 5000',
  level: 'info',
  timestamp: '2023-06-04T15:25:25.958Z'
}
{
  message: 'Database connected 🔥',
  level: 'info',
  timestamp: '2023-06-04T15:25:42.921Z'
}
{
  message: 'University app listening on port 5000',
  level: 'info',
  timestamp: '2023-06-04T15:25:42.939Z'
}
{
  message: 'Database connected 🔥',
  level: 'info',
  timestamp: '2023-06-04T15:25:53.388Z'
}
{
  message: 'University app listening on port 5000',
  level: 'info',
  timestamp: '2023-06-04T15:25:53.401Z'
}
{
  message: 'Database connected 🔥',
  level: 'info',
  timestamp: '2023-06-04T15:26:52.656Z'
}
{
  message: 'University app listening on port 5000',
  level: 'info',
  timestamp: '2023-06-04T15:26:52.672Z'
}
{
  message: 'Database connected 🔥',
  level: 'info',
  timestamp: '2023-06-04T15:28:15.089Z'
}
{
  message: 'University app listening on port 5000',
  level: 'info',
  timestamp: '2023-06-04T15:28:15.107Z'
}
{
  message: 'Database connected 🔥',
  level: 'info',
  timestamp: '2023-06-04T15:31:38.293Z'
}
{
  message: 'University app listening on port 5000',
  level: 'info',
  timestamp: '2023-06-04T15:31:38.311Z'
}
{
  message: 'Database connected 🔥',
  level: 'info',
  timestamp: '2023-06-04T15:34:38.256Z'
}
{
  message: 'University app listening on port 5000',
  level: 'info',
  timestamp: '2023-06-04T15:34:38.272Z'
}
{
  message: 'Database connected 🔥',
  level: 'info',
  timestamp: '2023-06-04T15:35:05.809Z'
}
{
  message: 'University app listening on port 5000',
  level: 'info',
  timestamp: '2023-06-04T15:35:05.825Z'
}
{
  message: 'Database connected 🔥',
  level: 'info',
  timestamp: '2023-06-04T15:36:03.250Z'
}
{
  message: 'University app listening on port 5000',
  level: 'info',
  timestamp: '2023-06-04T15:36:03.266Z'
}
{
  message: 'Database connected 🔥',
  level: 'info',
  timestamp: '2023-06-04T15:36:34.350Z'
}
{
  message: 'University app listening on port 5000',
  level: 'info',
  timestamp: '2023-06-04T15:36:34.367Z'
}
{
  message: 'Database connected 🔥',
  level: 'info',
  timestamp: '2023-06-04T15:42:23.270Z'
}
{
  message: 'University app listening on port 5000',
  level: 'info',
  timestamp: '2023-06-04T15:42:23.287Z'
}
{
  message: 'Database connected 🔥',
  level: 'info',
  timestamp: '2023-06-04T15:46:19.563Z'
}
{
  message: 'University app listening on port 5000',
  level: 'info',
  timestamp: '2023-06-04T15:46:19.579Z'
}
