{
  message: 'Database connected 🔥',
  level: 'info',
  timestamp: '2023-06-04T13:47:21.003Z'
}
{
  message: 'University app listening on port 5000',
  level: 'info',
  timestamp: '2023-06-04T13:47:21.019Z'
}
{
  message: 'Database connected 🔥',
  level: 'info',
  timestamp: '2023-06-04T13:49:20.521Z'
}
{
  message: 'University app listening on port 5000',
  level: 'info',
  timestamp: '2023-06-04T13:49:20.536Z'
}
{
  message: 'Database connected 🔥',
  level: 'info',
  timestamp: '2023-06-04T13:52:12.482Z'
}
{
  message: 'University app listening on port 5000',
  level: 'info',
  timestamp: '2023-06-04T13:52:12.498Z'
}
{
  message: 'Database connected 🔥',
  level: 'info',
  timestamp: '2023-06-04T13:53:43.621Z'
}
{
  message: 'University app listening on port 5000',
  level: 'info',
  timestamp: '2023-06-04T13:53:43.637Z'
}
{
  message: 'Database connected 🔥',
  level: 'info',
  timestamp: '2023-06-04T13:58:05.725Z'
}
{
  message: 'University app listening on port 5000',
  level: 'info',
  timestamp: '2023-06-04T13:58:05.741Z'
}
