{
  message: 'Database connected 🔥',
  level: 'info',
  timestamp: '2023-06-07T15:00:41.775Z'
}
{
  message: 'University app listening on port 5000',
  level: 'info',
  timestamp: '2023-06-07T15:00:41.790Z'
}
{
  message: 'Database connected 🔥',
  level: 'info',
  timestamp: '2023-06-07T15:05:38.279Z'
}
{
  message: 'University app listening on port 5000',
  level: 'info',
  timestamp: '2023-06-07T15:05:38.292Z'
}
{
  message: 'Database connected 🔥',
  level: 'info',
  timestamp: '2023-06-07T15:11:54.422Z'
}
{
  message: 'University app listening on port 5000',
  level: 'info',
  timestamp: '2023-06-07T15:11:54.439Z'
}
{
  message: 'Database connected 🔥',
  level: 'info',
  timestamp: '2023-06-07T15:13:45.133Z'
}
{
  message: 'University app listening on port 5000',
  level: 'info',
  timestamp: '2023-06-07T15:13:45.149Z'
}
{
  message: 'Database connected 🔥',
  level: 'info',
  timestamp: '2023-06-07T15:20:21.200Z'
}
{
  message: 'University app listening on port 5000',
  level: 'info',
  timestamp: '2023-06-07T15:20:21.216Z'
}
{
  message: 'Database connected 🔥',
  level: 'info',
  timestamp: '2023-06-07T15:50:29.409Z'
}
{
  message: 'University app listening on port 5000',
  level: 'info',
  timestamp: '2023-06-07T15:50:29.425Z'
}
{
  message: 'Database connected 🔥',
  level: 'info',
  timestamp: '2023-06-07T15:54:03.467Z'
}
{
  message: 'University app listening on port 5000',
  level: 'info',
  timestamp: '2023-06-07T15:54:03.485Z'
}
{
  message: 'Database connected 🔥',
  level: 'info',
  timestamp: '2023-06-07T15:54:37.488Z'
}
{
  message: 'University app listening on port 5000',
  level: 'info',
  timestamp: '2023-06-07T15:54:37.506Z'
}
{
  message: 'Database connected 🔥',
  level: 'info',
  timestamp: '2023-06-07T15:55:38.937Z'
}
{
  message: 'University app listening on port 5000',
  level: 'info',
  timestamp: '2023-06-07T15:55:38.955Z'
}
