{
  message: 'Database connected 🔥',
  level: 'info',
  timestamp: '2023-06-06T16:00:54.708Z'
}
{
  message: 'University app listening on port 5000',
  level: 'info',
  timestamp: '2023-06-06T16:00:54.724Z'
}
{
  message: 'Database connected 🔥',
  level: 'info',
  timestamp: '2023-06-06T16:02:08.823Z'
}
{
  message: 'University app listening on port 5000',
  level: 'info',
  timestamp: '2023-06-06T16:02:08.841Z'
}
{
  message: 'Database connected 🔥',
  level: 'info',
  timestamp: '2023-06-06T16:05:52.624Z'
}
{
  message: 'University app listening on port 5000',
  level: 'info',
  timestamp: '2023-06-06T16:05:52.638Z'
}
{
  message: 'Database connected 🔥',
  level: 'info',
  timestamp: '2023-06-06T16:07:58.019Z'
}
{
  message: 'University app listening on port 5000',
  level: 'info',
  timestamp: '2023-06-06T16:07:58.035Z'
}
{
  message: 'Database connected 🔥',
  level: 'info',
  timestamp: '2023-06-06T16:16:58.784Z'
}
{
  message: 'University app listening on port 5000',
  level: 'info',
  timestamp: '2023-06-06T16:16:58.800Z'
}
{
  message: 'Database connected 🔥',
  level: 'info',
  timestamp: '2023-06-06T16:23:03.529Z'
}
{
  message: 'University app listening on port 5000',
  level: 'info',
  timestamp: '2023-06-06T16:23:03.534Z'
}
{
  message: 'Database connected 🔥',
  level: 'info',
  timestamp: '2023-06-06T16:23:26.230Z'
}
{
  message: 'University app listening on port 5000',
  level: 'info',
  timestamp: '2023-06-06T16:23:26.236Z'
}
{
  message: 'Database connected 🔥',
  level: 'info',
  timestamp: '2023-06-06T16:28:23.167Z'
}
{
  message: 'University app listening on port 5000',
  level: 'info',
  timestamp: '2023-06-06T16:28:23.174Z'
}
{
  message: 'Database connected 🔥',
  level: 'info',
  timestamp: '2023-06-06T16:51:21.929Z'
}
{
  message: 'University app listening on port 5000',
  level: 'info',
  timestamp: '2023-06-06T16:51:21.937Z'
}
