{
  message: 'Database connected 🔥',
  level: 'info',
  timestamp: '2023-06-04T09:00:11.053Z'
}
{
  message: 'University app listening on port 5000',
  level: 'info',
  timestamp: '2023-06-04T09:00:11.061Z'
}
{
  message: 'Database connected 🔥',
  level: 'info',
  timestamp: '2023-06-04T09:03:58.100Z'
}
{
  message: 'University app listening on port 5000',
  level: 'info',
  timestamp: '2023-06-04T09:03:58.106Z'
}
{
  message: 'Database connected 🔥',
  level: 'info',
  timestamp: '2023-06-04T09:04:59.497Z'
}
{
  message: 'University app listening on port 5000',
  level: 'info',
  timestamp: '2023-06-04T09:04:59.503Z'
}
{
  message: 'Database connected 🔥',
  level: 'info',
  timestamp: '2023-06-04T09:06:14.968Z'
}
{
  message: 'University app listening on port 5000',
  level: 'info',
  timestamp: '2023-06-04T09:06:14.974Z'
}
{
  message: 'Database connected 🔥',
  level: 'info',
  timestamp: '2023-06-04T09:06:22.349Z'
}
{
  message: 'University app listening on port 5000',
  level: 'info',
  timestamp: '2023-06-04T09:06:22.354Z'
}
{
  message: 'Database connected 🔥',
  level: 'info',
  timestamp: '2023-06-04T09:08:00.735Z'
}
{
  message: 'University app listening on port 5000',
  level: 'info',
  timestamp: '2023-06-04T09:08:00.742Z'
}
