{
  message: 'Database connected 🔥',
  level: 'info',
  timestamp: '2023-06-04T14:01:56.586Z'
}
{
  message: 'University app listening on port 5000',
  level: 'info',
  timestamp: '2023-06-04T14:01:56.602Z'
}
{
  message: 'Database connected 🔥',
  level: 'info',
  timestamp: '2023-06-04T14:05:04.910Z'
}
{
  message: 'University app listening on port 5000',
  level: 'info',
  timestamp: '2023-06-04T14:05:04.925Z'
}
{
  message: 'Database connected 🔥',
  level: 'info',
  timestamp: '2023-06-04T14:11:34.904Z'
}
{
  message: 'University app listening on port 5000',
  level: 'info',
  timestamp: '2023-06-04T14:11:34.921Z'
}
{
  message: 'Database connected 🔥',
  level: 'info',
  timestamp: '2023-06-04T14:11:42.631Z'
}
{
  message: 'University app listening on port 5000',
  level: 'info',
  timestamp: '2023-06-04T14:11:42.660Z'
}
{
  message: 'Database connected 🔥',
  level: 'info',
  timestamp: '2023-06-04T14:11:50.061Z'
}
{
  message: 'University app listening on port 5000',
  level: 'info',
  timestamp: '2023-06-04T14:11:50.077Z'
}
{
  message: 'Database connected 🔥',
  level: 'info',
  timestamp: '2023-06-04T14:12:09.554Z'
}
{
  message: 'University app listening on port 5000',
  level: 'info',
  timestamp: '2023-06-04T14:12:09.569Z'
}
{
  message: 'Database connected 🔥',
  level: 'info',
  timestamp: '2023-06-04T14:12:40.969Z'
}
{
  message: 'University app listening on port 5000',
  level: 'info',
  timestamp: '2023-06-04T14:12:40.984Z'
}
{
  message: 'Database connected 🔥',
  level: 'info',
  timestamp: '2023-06-04T14:15:41.749Z'
}
{
  message: 'University app listening on port 5000',
  level: 'info',
  timestamp: '2023-06-04T14:15:41.761Z'
}
{
  message: 'Database connected 🔥',
  level: 'info',
  timestamp: '2023-06-04T14:17:06.657Z'
}
{
  message: 'University app listening on port 5000',
  level: 'info',
  timestamp: '2023-06-04T14:17:06.672Z'
}
{
  message: 'Database connected 🔥',
  level: 'info',
  timestamp: '2023-06-04T14:17:21.453Z'
}
{
  message: 'University app listening on port 5000',
  level: 'info',
  timestamp: '2023-06-04T14:17:21.469Z'
}
{
  message: 'Database connected 🔥',
  level: 'info',
  timestamp: '2023-06-04T14:19:21.096Z'
}
{
  message: 'University app listening on port 5000',
  level: 'info',
  timestamp: '2023-06-04T14:19:21.112Z'
}
{
  message: 'Database connected 🔥',
  level: 'info',
  timestamp: '2023-06-04T14:20:00.710Z'
}
{
  message: 'University app listening on port 5000',
  level: 'info',
  timestamp: '2023-06-04T14:20:00.726Z'
}
{
  message: 'Database connected 🔥',
  level: 'info',
  timestamp: '2023-06-04T14:21:33.500Z'
}
{
  message: 'University app listening on port 5000',
  level: 'info',
  timestamp: '2023-06-04T14:21:33.518Z'
}
{
  message: 'Database connected 🔥',
  level: 'info',
  timestamp: '2023-06-04T14:23:09.387Z'
}
{
  message: 'University app listening on port 5000',
  level: 'info',
  timestamp: '2023-06-04T14:23:09.403Z'
}
{
  message: 'Database connected 🔥',
  level: 'info',
  timestamp: '2023-06-04T14:24:34.644Z'
}
{
  message: 'University app listening on port 5000',
  level: 'info',
  timestamp: '2023-06-04T14:24:34.665Z'
}
{
  message: 'Database connected 🔥',
  level: 'info',
  timestamp: '2023-06-04T14:25:57.003Z'
}
{
  message: 'University app listening on port 5000',
  level: 'info',
  timestamp: '2023-06-04T14:25:57.022Z'
}
{
  message: 'Database connected 🔥',
  level: 'info',
  timestamp: '2023-06-04T14:26:44.730Z'
}
{
  message: 'University app listening on port 5000',
  level: 'info',
  timestamp: '2023-06-04T14:26:44.747Z'
}
{
  message: 'Database connected 🔥',
  level: 'info',
  timestamp: '2023-06-04T14:27:37.541Z'
}
{
  message: 'University app listening on port 5000',
  level: 'info',
  timestamp: '2023-06-04T14:27:37.558Z'
}
{
  message: 'Database connected 🔥',
  level: 'info',
  timestamp: '2023-06-04T14:30:36.670Z'
}
{
  message: 'University app listening on port 5000',
  level: 'info',
  timestamp: '2023-06-04T14:30:36.686Z'
}
{
  message: 'Database connected 🔥',
  level: 'info',
  timestamp: '2023-06-04T14:31:25.538Z'
}
{
  message: 'University app listening on port 5000',
  level: 'info',
  timestamp: '2023-06-04T14:31:25.554Z'
}
{
  message: 'Database connected 🔥',
  level: 'info',
  timestamp: '2023-06-04T14:32:34.738Z'
}
{
  message: 'University app listening on port 5000',
  level: 'info',
  timestamp: '2023-06-04T14:32:34.758Z'
}
{
  message: 'Database connected 🔥',
  level: 'info',
  timestamp: '2023-06-04T14:34:03.138Z'
}
{
  message: 'University app listening on port 5000',
  level: 'info',
  timestamp: '2023-06-04T14:34:03.148Z'
}
{
  message: 'Database connected 🔥',
  level: 'info',
  timestamp: '2023-06-04T14:34:32.972Z'
}
{
  message: 'University app listening on port 5000',
  level: 'info',
  timestamp: '2023-06-04T14:34:32.991Z'
}
{
  message: 'Database connected 🔥',
  level: 'info',
  timestamp: '2023-06-04T14:39:38.531Z'
}
{
  message: 'University app listening on port 5000',
  level: 'info',
  timestamp: '2023-06-04T14:39:38.547Z'
}
{
  message: 'Database connected 🔥',
  level: 'info',
  timestamp: '2023-06-04T14:40:02.318Z'
}
{
  message: 'University app listening on port 5000',
  level: 'info',
  timestamp: '2023-06-04T14:40:02.334Z'
}
{
  message: 'Database connected 🔥',
  level: 'info',
  timestamp: '2023-06-04T14:40:37.695Z'
}
{
  message: 'University app listening on port 5000',
  level: 'info',
  timestamp: '2023-06-04T14:40:37.710Z'
}
{
  message: 'Database connected 🔥',
  level: 'info',
  timestamp: '2023-06-04T14:42:28.044Z'
}
{
  message: 'University app listening on port 5000',
  level: 'info',
  timestamp: '2023-06-04T14:42:28.060Z'
}
