{
  message: 'Database connected 🔥',
  level: 'info',
  timestamp: '2023-06-05T16:05:45.540Z'
}
{
  message: 'University app listening on port 5000',
  level: 'info',
  timestamp: '2023-06-05T16:05:45.557Z'
}
{
  message: 'Database connected 🔥',
  level: 'info',
  timestamp: '2023-06-05T16:06:33.994Z'
}
{
  message: 'University app listening on port 5000',
  level: 'info',
  timestamp: '2023-06-05T16:06:34.011Z'
}
{
  message: 'Database connected 🔥',
  level: 'info',
  timestamp: '2023-06-05T16:07:57.346Z'
}
{
  message: 'University app listening on port 5000',
  level: 'info',
  timestamp: '2023-06-05T16:07:57.364Z'
}
{
  message: 'Database connected 🔥',
  level: 'info',
  timestamp: '2023-06-05T16:08:10.438Z'
}
{
  message: 'University app listening on port 5000',
  level: 'info',
  timestamp: '2023-06-05T16:08:10.454Z'
}
{
  message: 'Database connected 🔥',
  level: 'info',
  timestamp: '2023-06-05T16:08:35.021Z'
}
{
  message: 'University app listening on port 5000',
  level: 'info',
  timestamp: '2023-06-05T16:08:35.038Z'
}
{
  message: 'Database connected 🔥',
  level: 'info',
  timestamp: '2023-06-05T16:10:44.456Z'
}
{
  message: 'University app listening on port 5000',
  level: 'info',
  timestamp: '2023-06-05T16:10:44.468Z'
}
{
  message: 'Database connected 🔥',
  level: 'info',
  timestamp: '2023-06-05T16:11:29.268Z'
}
{
  message: 'University app listening on port 5000',
  level: 'info',
  timestamp: '2023-06-05T16:11:29.284Z'
}
{
  message: 'Database connected 🔥',
  level: 'info',
  timestamp: '2023-06-05T16:28:39.633Z'
}
{
  message: 'University app listening on port 5000',
  level: 'info',
  timestamp: '2023-06-05T16:28:39.649Z'
}
{
  message: 'Database connected 🔥',
  level: 'info',
  timestamp: '2023-06-05T16:29:11.999Z'
}
{
  message: 'University app listening on port 5000',
  level: 'info',
  timestamp: '2023-06-05T16:29:12.018Z'
}
{
  message: 'Database connected 🔥',
  level: 'info',
  timestamp: '2023-06-05T16:45:00.373Z'
}
{
  message: 'University app listening on port 5000',
  level: 'info',
  timestamp: '2023-06-05T16:45:00.389Z'
}
{
  message: 'Database connected 🔥',
  level: 'info',
  timestamp: '2023-06-05T16:46:01.091Z'
}
{
  message: 'University app listening on port 5000',
  level: 'info',
  timestamp: '2023-06-05T16:46:01.106Z'
}
{
  message: 'Database connected 🔥',
  level: 'info',
  timestamp: '2023-06-05T16:48:30.131Z'
}
{
  message: 'University app listening on port 5000',
  level: 'info',
  timestamp: '2023-06-05T16:48:30.142Z'
}
{
  message: 'Database connected 🔥',
  level: 'info',
  timestamp: '2023-06-05T16:49:46.336Z'
}
{
  message: 'University app listening on port 5000',
  level: 'info',
  timestamp: '2023-06-05T16:49:46.351Z'
}
{
  message: 'Database connected 🔥',
  level: 'info',
  timestamp: '2023-06-05T16:51:34.378Z'
}
{
  message: 'University app listening on port 5000',
  level: 'info',
  timestamp: '2023-06-05T16:51:34.395Z'
}
{
  message: 'Database connected 🔥',
  level: 'info',
  timestamp: '2023-06-05T16:54:41.657Z'
}
{
  message: 'University app listening on port 5000',
  level: 'info',
  timestamp: '2023-06-05T16:54:41.672Z'
}
{
  message: 'Database connected 🔥',
  level: 'info',
  timestamp: '2023-06-05T16:58:20.696Z'
}
{
  message: 'University app listening on port 5000',
  level: 'info',
  timestamp: '2023-06-05T16:58:20.715Z'
}
{
  message: 'Database connected 🔥',
  level: 'info',
  timestamp: '2023-06-05T16:58:40.018Z'
}
{
  message: 'University app listening on port 5000',
  level: 'info',
  timestamp: '2023-06-05T16:58:40.039Z'
}
